<?xml version="1.0" encoding="UTF-8"?>
<!-- Generated by org.testng.reporters.JUnitReportReporter -->
<testsuite hostname="LAPTOP-KKUTKE7T" failures="0" tests="1" name="ReadDataExcel" time="1.121" errors="0" timestamp="2023-07-05T15:32:12 IST" skipped="0">
  <testcase classname="ReadDataExcel" name="main" time="1.121"/>
  <system-out/>
</testsuite> <!-- ReadDataExcel -->
